2025-09-05 10:44:24,528 - INFO - Starting CA2FL training...
2025-09-05 10:49:28,717 - INFO - Starting CA2FL training...
2025-09-05 10:49:28,721 - INFO - Model parameters: 2625866
2025-09-05 10:49:28,721 - INFO - Number of clients: 100
2025-09-05 10:50:03,676 - INFO - [Epoch 0] validation: acc-top1=0.1004 acc-top5=0.5627, loss=2.2942, lr=0.1, eta=0.01, M=10, buffer_size=1, time=34.95s
2025-09-05 10:51:13,827 - INFO - Aggregated global model with 10 updates
2025-09-05 10:51:27,480 - INFO - [Epoch 10] validation: acc-top1=0.3238 acc-top5=0.8522, loss=1.8437, lr=0.1, eta=0.01, M=10, buffer_size=1, time=83.80s
2025-09-05 10:52:40,799 - INFO - Aggregated global model with 10 updates
2025-09-05 10:52:54,819 - INFO - [Epoch 20] validation: acc-top1=0.3656 acc-top5=0.8789, loss=1.7144, lr=0.1, eta=0.01, M=10, buffer_size=1, time=87.34s
2025-09-05 10:54:06,911 - INFO - Aggregated global model with 10 updates
2025-09-05 10:54:21,082 - INFO - [Epoch 30] validation: acc-top1=0.3794 acc-top5=0.8857, loss=1.7293, lr=0.1, eta=0.01, M=10, buffer_size=1, time=86.24s
2025-09-05 10:55:32,962 - INFO - Aggregated global model with 10 updates
2025-09-05 10:55:47,299 - INFO - [Epoch 40] validation: acc-top1=0.3963 acc-top5=0.9068, loss=1.6729, lr=0.1, eta=0.01, M=10, buffer_size=1, time=86.22s
2025-09-05 10:57:00,776 - INFO - Aggregated global model with 10 updates
2025-09-05 10:57:17,432 - INFO - [Epoch 50] validation: acc-top1=0.4167 acc-top5=0.9237, loss=1.5581, lr=0.1, eta=0.01, M=10, buffer_size=1, time=90.13s
2025-09-05 10:58:30,353 - INFO - Aggregated global model with 10 updates
2025-09-05 10:58:43,646 - INFO - [Epoch 60] validation: acc-top1=0.4741 acc-top5=0.9310, loss=1.4319, lr=0.1, eta=0.01, M=10, buffer_size=1, time=86.21s
2025-09-05 23:43:15,223 - INFO - Starting CA2FL training...
2025-09-05 23:43:15,228 - INFO - Model parameters: 1315146
2025-09-05 23:43:15,234 - INFO - Number of clients: 100
2025-09-05 23:43:29,326 - INFO - [Epoch 0] validation: acc-top1=0.1006 acc-top5=0.5074, loss=2.3027, lr=0.01, eta=0.01, M=10, buffer_size=1, time=14.09s
2025-09-05 23:44:50,855 - INFO - [Epoch 10] validation: acc-top1=0.3415 acc-top5=0.8530, loss=1.8869, lr=0.01, eta=0.01, M=10, buffer_size=1, time=81.53s
2025-09-05 23:46:16,200 - INFO - [Epoch 20] validation: acc-top1=0.3588 acc-top5=0.8759, loss=1.7561, lr=0.01, eta=0.01, M=10, buffer_size=1, time=85.34s
2025-09-05 23:47:41,642 - INFO - [Epoch 30] validation: acc-top1=0.3831 acc-top5=0.8896, loss=1.6623, lr=0.01, eta=0.01, M=10, buffer_size=1, time=85.44s
2025-09-05 23:49:10,462 - INFO - [Epoch 40] validation: acc-top1=0.3924 acc-top5=0.8994, loss=1.6204, lr=0.01, eta=0.01, M=10, buffer_size=1, time=88.82s
2025-09-05 23:50:39,279 - INFO - [Epoch 50] validation: acc-top1=0.4168 acc-top5=0.9082, loss=1.5681, lr=0.01, eta=0.01, M=10, buffer_size=1, time=88.82s
2025-09-05 23:52:15,691 - INFO - [Epoch 60] validation: acc-top1=0.4301 acc-top5=0.9078, loss=1.5541, lr=0.01, eta=0.01, M=10, buffer_size=1, time=96.41s
2025-09-05 23:53:46,059 - INFO - [Epoch 70] validation: acc-top1=0.4602 acc-top5=0.9273, loss=1.4858, lr=0.01, eta=0.01, M=10, buffer_size=1, time=90.37s
2025-09-06 04:16:24,689 - INFO - Starting CA2FL training...
2025-09-06 04:16:24,689 - INFO - Model parameters: 1315146
2025-09-06 04:16:24,689 - INFO - Number of clients: 100
2025-09-06 04:16:39,769 - INFO - [Epoch 0] validation: acc-top1=0.1467 acc-top5=0.5959, loss=2.2983, lr=0.01, eta=0.01, M=10, buffer_size=1, time=15.08s
2025-09-06 04:18:09,382 - INFO - [Epoch 10] validation: acc-top1=0.7872 acc-top5=0.9846, loss=1.0049, lr=0.01, eta=0.01, M=10, buffer_size=1, time=89.61s
2025-09-06 04:19:43,725 - INFO - [Epoch 20] validation: acc-top1=0.8847 acc-top5=0.9946, loss=0.4757, lr=0.01, eta=0.01, M=10, buffer_size=1, time=94.34s
2025-09-06 04:21:17,075 - INFO - [Epoch 30] validation: acc-top1=0.9343 acc-top5=0.9970, loss=0.2926, lr=0.01, eta=0.01, M=10, buffer_size=1, time=93.35s
2025-09-06 04:22:54,198 - INFO - [Epoch 40] validation: acc-top1=0.9399 acc-top5=0.9976, loss=0.2396, lr=0.01, eta=0.01, M=10, buffer_size=1, time=97.12s
2025-09-06 04:24:36,973 - INFO - [Epoch 50] validation: acc-top1=0.9489 acc-top5=0.9986, loss=0.1993, lr=0.01, eta=0.01, M=10, buffer_size=1, time=102.77s
2025-09-06 04:26:22,565 - INFO - [Epoch 60] validation: acc-top1=0.9530 acc-top5=0.9988, loss=0.1711, lr=0.01, eta=0.01, M=10, buffer_size=1, time=105.59s
2025-09-06 04:28:10,965 - INFO - [Epoch 70] validation: acc-top1=0.9586 acc-top5=0.9992, loss=0.1466, lr=0.01, eta=0.01, M=10, buffer_size=1, time=108.40s
2025-09-06 04:29:39,375 - INFO - [Epoch 80] validation: acc-top1=0.9636 acc-top5=0.9991, loss=0.1269, lr=0.01, eta=0.01, M=10, buffer_size=1, time=88.41s
2025-09-06 04:31:07,100 - INFO - [Epoch 90] validation: acc-top1=0.9631 acc-top5=0.9999, loss=0.1233, lr=0.01, eta=0.01, M=10, buffer_size=1, time=87.72s
2025-09-06 04:32:29,955 - INFO - [Epoch 99] validation: acc-top1=0.9684 acc-top5=0.9998, loss=0.1055, lr=0.01, eta=0.01, M=10, buffer_size=0, time=82.86s
2025-09-06 04:55:30,865 - INFO - Starting CA2FL training...
2025-09-06 04:55:30,865 - INFO - Model parameters: 1315146
2025-09-06 04:55:30,865 - INFO - Number of clients: 100
2025-09-06 04:55:44,335 - INFO - [Epoch 0] validation: acc-top1=0.1006 acc-top5=0.5074, loss=2.3027, lr=0.01, eta=0.01, M=10, buffer_size=1, time=13.47s
2025-09-06 04:57:14,857 - INFO - [Epoch 10] validation: acc-top1=0.3415 acc-top5=0.8530, loss=1.8869, lr=0.01, eta=0.01, M=10, buffer_size=1, time=90.52s
2025-09-06 04:58:36,429 - INFO - [Epoch 19] validation: acc-top1=0.3622 acc-top5=0.8771, loss=1.7478, lr=0.01, eta=0.01, M=10, buffer_size=0, time=81.57s
2025-09-06 04:58:37,347 - INFO - Training history saved to ./log/
2025-09-06 05:01:46,055 - INFO - Starting CA2FL training...
2025-09-06 05:01:46,058 - INFO - Model parameters: 1315146
2025-09-06 05:01:46,058 - INFO - Number of clients: 100
2025-09-06 05:02:01,743 - INFO - [Epoch 0] validation: acc-top1=0.1006 acc-top5=0.5074, loss=2.3027, lr=0.01, eta=0.01, M=10, buffer_size=1, time=15.68s
2025-09-06 05:03:31,900 - INFO - [Epoch 10] validation: acc-top1=0.3415 acc-top5=0.8530, loss=1.8869, lr=0.01, eta=0.01, M=10, buffer_size=1, time=90.16s
2025-09-06 05:04:53,302 - INFO - [Epoch 19] validation: acc-top1=0.3622 acc-top5=0.8771, loss=1.7478, lr=0.01, eta=0.01, M=10, buffer_size=0, time=81.40s
2025-09-06 05:04:54,362 - INFO - Training history saved to ./log/
